1: 0 2: 1033 3: 1252 
=== Logging started: 6/19/2024  9:30:17 ===
Message type: 0, Argument: 1033
Message type: 1, Argument: Microsoft Visual C++ 2012 x86 Minimum Runtime - 11.0.61030
Action 9:30:17: INSTALL. 
Action start 9:30:17: INSTALL.
1: 0 2: 1033 3: 1252 
1: 0 2: 1033 3: 1252 
=== Logging started: 6/19/2024  9:30:17 ===
Message type: 0, Argument: 1033
Message type: 1, Argument: Microsoft Visual C++ 2012 x86 Minimum Runtime - 11.0.61030
Action 9:30:17: INSTALL. 
Action start 9:30:17: INSTALL.
1: Microsoft Visual C++ 2012 x86 Minimum Runtime - 11.0.61030 2: {BD95A8CD-1D9F-35AD-981A-3E7925026EBB} 
Action 9:30:17: FindRelatedProducts. Searching for related applications
Action start 9:30:17: FindRelatedProducts.
Action ended 9:30:17: FindRelatedProducts. Return value 1.
Action 9:30:17: LaunchConditions. Evaluating launch conditions
Action start 9:30:17: LaunchConditions.
Action ended 9:30:17: LaunchConditions. Return value 1.
Action 9:30:17: AppSearch. Searching for installed applications
Action start 9:30:17: AppSearch.
Property: REDISTFOUNDVERLANG, Signature: DetectRedistVerLangSignature
Property: REDISTFOUNDVER, Signature: DetectRedistVerSignature
Property: JSHFOUNDVER, Signature: DetectJSHVerSignature
Property: OCMFOUNDVER, Signature: DetectOCMRedistVerSignature
Property: OCMFOUNDVERLANG, Signature: DetectOCMRedistVerLangSignature
Action ended 9:30:17: AppSearch. Return value 1.
Action 9:30:17: ValidateProductID. 
Action start 9:30:17: ValidateProductID.
Action ended 9:30:17: ValidateProductID. Return value 1.
Action 9:30:17: CA_AdminToolsFolder_x86.3643236F_FC70_11D3_A536_0090278A1BB8. 
Action start 9:30:17: CA_AdminToolsFolder_x86.3643236F_FC70_11D3_A536_0090278A1BB8.
Action ended 9:30:17: CA_AdminToolsFolder_x86.3643236F_FC70_11D3_A536_0090278A1BB8. Return value 1.
Action 9:30:17: CA_AppDataFolder_x86.3643236F_FC70_11D3_A536_0090278A1BB8. 
Action start 9:30:17: CA_AppDataFolder_x86.3643236F_FC70_11D3_A536_0090278A1BB8.
Action ended 9:30:17: CA_AppDataFolder_x86.3643236F_FC70_11D3_A536_0090278A1BB8. Return value 1.
Action 9:30:17: CA_CommonAppDataFolder_x86.3643236F_FC70_11D3_A536_0090278A1BB8. 
Action start 9:30:17: CA_CommonAppDataFolder_x86.3643236F_FC70_11D3_A536_0090278A1BB8.
Action ended 9:30:17: CA_CommonAppDataFolder_x86.3643236F_FC70_11D3_A536_0090278A1BB8. Return value 1.
Action 9:30:17: CA_CommonFilesFolder_x86.3643236F_FC70_11D3_A536_0090278A1BB8. 
Action start 9:30:17: CA_CommonFilesFolder_x86.3643236F_FC70_11D3_A536_0090278A1BB8.
Action ended 9:30:17: CA_CommonFilesFolder_x86.3643236F_FC70_11D3_A536_0090278A1BB8. Return value 1.
Action 9:30:17: CA_DesktopFolder_x86.3643236F_FC70_11D3_A536_0090278A1BB8. 
Action start 9:30:17: CA_DesktopFolder_x86.3643236F_FC70_11D3_A536_0090278A1BB8.
Action ended 9:30:17: CA_DesktopFolder_x86.3643236F_FC70_11D3_A536_0090278A1BB8. Return value 1.
Action 9:30:17: CA_ProgramFilesFolder_x86.3643236F_FC70_11D3_A536_0090278A1BB8. 
Action start 9:30:17: CA_ProgramFilesFolder_x86.3643236F_FC70_11D3_A536_0090278A1BB8.
Action ended 9:30:17: CA_ProgramFilesFolder_x86.3643236F_FC70_11D3_A536_0090278A1BB8. Return value 1.
Action 9:30:17: CA_ProgramFilesFolder2_x86.3643236F_FC70_11D3_A536_0090278A1BB8. 
Action start 9:30:17: CA_ProgramFilesFolder2_x86.3643236F_FC70_11D3_A536_0090278A1BB8.
Action ended 9:30:17: CA_ProgramFilesFolder2_x86.3643236F_FC70_11D3_A536_0090278A1BB8. Return value 1.
Action 9:30:17: CA_ProgramMenuFolder_x86.3643236F_FC70_11D3_A536_0090278A1BB8. 
Action start 9:30:17: CA_ProgramMenuFolder_x86.3643236F_FC70_11D3_A536_0090278A1BB8.
Action ended 9:30:17: CA_ProgramMenuFolder_x86.3643236F_FC70_11D3_A536_0090278A1BB8. Return value 1.
Action 9:30:17: CA_StartMenuFolder_x86.3643236F_FC70_11D3_A536_0090278A1BB8. 
Action start 9:30:17: CA_StartMenuFolder_x86.3643236F_FC70_11D3_A536_0090278A1BB8.
Action ended 9:30:17: CA_StartMenuFolder_x86.3643236F_FC70_11D3_A536_0090278A1BB8. Return value 1.
Action 9:30:17: CA_System16Folder_x86.3643236F_FC70_11D3_A536_0090278A1BB8. 
Action start 9:30:17: CA_System16Folder_x86.3643236F_FC70_11D3_A536_0090278A1BB8.
Action ended 9:30:17: CA_System16Folder_x86.3643236F_FC70_11D3_A536_0090278A1BB8. Return value 1.
Action 9:30:17: CA_System64Folder_x86.3643236F_FC70_11D3_A536_0090278A1BB8. 
Action start 9:30:17: CA_System64Folder_x86.3643236F_FC70_11D3_A536_0090278A1BB8.
Action ended 9:30:17: CA_System64Folder_x86.3643236F_FC70_11D3_A536_0090278A1BB8. Return value 1.
Action 9:30:17: CA_SystemFolder_x86.3643236F_FC70_11D3_A536_0090278A1BB8. 
Action start 9:30:17: CA_SystemFolder_x86.3643236F_FC70_11D3_A536_0090278A1BB8.
Action ended 9:30:17: CA_SystemFolder_x86.3643236F_FC70_11D3_A536_0090278A1BB8. Return value 1.
Action 9:30:17: CA_SystemFolder_x86_VC. 
Action start 9:30:17: CA_SystemFolder_x86_VC.
Action ended 9:30:17: CA_SystemFolder_x86_VC. Return value 1.
Action 9:30:17: CA_TempFolder_x86.3643236F_FC70_11D3_A536_0090278A1BB8. 
Action start 9:30:17: CA_TempFolder_x86.3643236F_FC70_11D3_A536_0090278A1BB8.
Action ended 9:30:17: CA_TempFolder_x86.3643236F_FC70_11D3_A536_0090278A1BB8. Return value 1.
Action 9:30:17: CA_WindowsFolder_x86.3643236F_FC70_11D3_A536_0090278A1BB8. 
Action start 9:30:17: CA_WindowsFolder_x86.3643236F_FC70_11D3_A536_0090278A1BB8.
Action ended 9:30:17: CA_WindowsFolder_x86.3643236F_FC70_11D3_A536_0090278A1BB8. Return value 1.
Action 9:30:17: CA_WindowsFolder_x86_VC. 
Action start 9:30:17: CA_WindowsFolder_x86_VC.
Action ended 9:30:17: CA_WindowsFolder_x86_VC. Return value 1.
Action 9:30:17: CA_WindowsVolume_x86.3643236F_FC70_11D3_A536_0090278A1BB8. 
Action start 9:30:17: CA_WindowsVolume_x86.3643236F_FC70_11D3_A536_0090278A1BB8.
Action ended 9:30:17: CA_WindowsVolume_x86.3643236F_FC70_11D3_A536_0090278A1BB8. Return value 1.
Action 9:30:17: CostInitialize. Computing space requirements
Action start 9:30:17: CostInitialize.
Action ended 9:30:17: CostInitialize. Return value 1.
Action 9:30:17: FileCost. Computing space requirements
Action start 9:30:17: FileCost.
Action ended 9:30:17: FileCost. Return value 1.
Action 9:30:17: CostFinalize. Computing space requirements
Action start 9:30:17: CostFinalize.
Action ended 9:30:17: CostFinalize. Return value 1.
Action 9:30:17: SetODBCFolders. Initializing ODBC directories
Action start 9:30:17: SetODBCFolders.
Action ended 9:30:17: SetODBCFolders. Return value 1.
Action 9:30:17: InstallValidate. Validating install
Action start 9:30:17: InstallValidate.
Action ended 9:30:17: InstallValidate. Return value 1.
Action 9:30:17: InstallInitialize. 
Action start 9:30:17: InstallInitialize.
Action ended 9:30:17: InstallInitialize. Return value 1.
Action 9:30:17: AllocateRegistrySpace. Allocating registry space
Action start 9:30:17: AllocateRegistrySpace.
Free space: 0
Action ended 9:30:17: AllocateRegistrySpace. Return value 1.
Action 9:30:17: ProcessComponents. Updating component registration
Action start 9:30:17: ProcessComponents.
Action ended 9:30:17: ProcessComponents. Return value 1.
Action 9:30:17: UnpublishComponents. Unpublishing Qualified Components
Action start 9:30:17: UnpublishComponents.
Action ended 9:30:17: UnpublishComponents. Return value 1.
Action 9:30:17: MsiUnpublishAssemblies. Unpublishing assembly information
Action start 9:30:17: MsiUnpublishAssemblies.
Action ended 9:30:17: MsiUnpublishAssemblies. Return value 1.
Action 9:30:17: UnpublishFeatures. Unpublishing Product Features
Action start 9:30:17: UnpublishFeatures.
Action ended 9:30:17: UnpublishFeatures. Return value 1.
Action 9:30:17: StopServices. Stopping services
Action start 9:30:17: StopServices.
Action ended 9:30:17: StopServices. Return value 1.
Action 9:30:17: DeleteServices. Deleting services
Action start 9:30:17: DeleteServices.
Action ended 9:30:17: DeleteServices. Return value 1.
Action 9:30:17: UnregisterComPlus. Unregistering COM+ Applications and Components
Action start 9:30:17: UnregisterComPlus.
Action ended 9:30:17: UnregisterComPlus. Return value 1.
Action 9:30:17: SelfUnregModules. Unregistering modules
Action start 9:30:17: SelfUnregModules.
Action ended 9:30:17: SelfUnregModules. Return value 1.
Action 9:30:17: UnregisterTypeLibraries. Unregistering type libraries
Action start 9:30:17: UnregisterTypeLibraries.
Action ended 9:30:17: UnregisterTypeLibraries. Return value 1.
Action 9:30:17: RemoveODBC. Removing ODBC components
Action start 9:30:17: RemoveODBC.
Action ended 9:30:17: RemoveODBC. Return value 1.
Action 9:30:17: UnregisterFonts. Unregistering fonts
Action start 9:30:17: UnregisterFonts.
Action ended 9:30:17: UnregisterFonts. Return value 1.
Action 9:30:17: RemoveRegistryValues. Removing system registry values
Action start 9:30:17: RemoveRegistryValues.
Action ended 9:30:17: RemoveRegistryValues. Return value 1.
Action 9:30:17: UnregisterClassInfo. Unregister Class servers
Action start 9:30:17: UnregisterClassInfo.
Action ended 9:30:17: UnregisterClassInfo. Return value 1.
Action 9:30:17: UnregisterMIMEInfo. Unregistering MIME info
Action start 9:30:17: UnregisterMIMEInfo.
Action ended 9:30:17: UnregisterMIMEInfo. Return value 1.
Action 9:30:17: RemoveIniValues. Removing INI files entries
Action start 9:30:17: RemoveIniValues.
Action ended 9:30:17: RemoveIniValues. Return value 1.
Action 9:30:17: RemoveShortcuts. Removing shortcuts
Action start 9:30:17: RemoveShortcuts.
Action ended 9:30:17: RemoveShortcuts. Return value 1.
Action 9:30:17: RemoveEnvironmentStrings. Updating environment strings
Action start 9:30:17: RemoveEnvironmentStrings.
Action ended 9:30:17: RemoveEnvironmentStrings. Return value 1.
Action 9:30:17: RemoveDuplicateFiles. Removing duplicated files
Action start 9:30:17: RemoveDuplicateFiles.
Action ended 9:30:17: RemoveDuplicateFiles. Return value 1.
Action 9:30:17: RemoveFiles. Removing files
Action start 9:30:17: RemoveFiles.
Action ended 9:30:17: RemoveFiles. Return value 1.
Action 9:30:17: RemoveFolders. Removing folders
Action start 9:30:17: RemoveFolders.
Action ended 9:30:17: RemoveFolders. Return value 1.
Action 9:30:17: CreateFolders. Creating folders
Action start 9:30:17: CreateFolders.
Action ended 9:30:17: CreateFolders. Return value 1.
Action 9:30:17: MoveFiles. Moving files
Action start 9:30:17: MoveFiles.
Action ended 9:30:17: MoveFiles. Return value 1.
Action 9:30:17: InstallFiles. Copying new files
Action start 9:30:17: InstallFiles.
Action ended 9:30:17: InstallFiles. Return value 1.
Action 9:30:17: DuplicateFiles. Creating duplicate files
Action start 9:30:17: DuplicateFiles.
Action ended 9:30:17: DuplicateFiles. Return value 1.
Action 9:30:17: BindImage. Binding executables
Action start 9:30:17: BindImage.
Action ended 9:30:17: BindImage. Return value 1.
Action 9:30:17: RegisterClassInfo. Registering Class servers
Action start 9:30:17: RegisterClassInfo.
Action ended 9:30:17: RegisterClassInfo. Return value 1.
Action 9:30:17: RegisterMIMEInfo. Registering MIME info
Action start 9:30:17: RegisterMIMEInfo.
Action ended 9:30:17: RegisterMIMEInfo. Return value 1.
Action 9:30:17: RegisterTypeLibraries. Registering type libraries
Action start 9:30:17: RegisterTypeLibraries.
Action ended 9:30:17: RegisterTypeLibraries. Return value 1.
Action 9:30:17: WriteRegistryValues. Writing system registry values
Action start 9:30:17: WriteRegistryValues.
Action ended 9:30:17: WriteRegistryValues. Return value 1.
Action 9:30:17: WriteIniValues. Writing INI files values
Action start 9:30:17: WriteIniValues.
Action ended 9:30:17: WriteIniValues. Return value 1.
Action 9:30:17: WriteEnvironmentStrings. Updating environment strings
Action start 9:30:17: WriteEnvironmentStrings.
Action ended 9:30:17: WriteEnvironmentStrings. Return value 1.
Action 9:30:17: RegisterFonts. Registering fonts
Action start 9:30:17: RegisterFonts.
Action ended 9:30:17: RegisterFonts. Return value 1.
Action 9:30:17: InstallODBC. Installing ODBC components
Action start 9:30:17: InstallODBC.
Action ended 9:30:17: InstallODBC. Return value 1.
Action 9:30:17: SelfRegModules. Registering modules
Action start 9:30:17: SelfRegModules.
Action ended 9:30:17: SelfRegModules. Return value 1.
Action 9:30:17: RegisterComPlus. Registering COM+ Applications and Components
Action start 9:30:17: RegisterComPlus.
Action ended 9:30:17: RegisterComPlus. Return value 1.
Action 9:30:17: InstallServices. Installing new services
Action start 9:30:17: InstallServices.
Action ended 9:30:17: InstallServices. Return value 1.
Action 9:30:17: StartServices. Starting services
Action start 9:30:17: StartServices.
Action ended 9:30:17: StartServices. Return value 1.
Action 9:30:17: RegisterUser. Registering user
Action start 9:30:17: RegisterUser.
Action ended 9:30:17: RegisterUser. Return value 1.
Action 9:30:17: RegisterProduct. Registering product
Action start 9:30:17: RegisterProduct.
Action ended 9:30:17: RegisterProduct. Return value 1.
Action 9:30:17: PublishComponents. Publishing Qualified Components
Action start 9:30:17: PublishComponents.
Action ended 9:30:17: PublishComponents. Return value 1.
Action 9:30:17: MsiPublishAssemblies. Publishing assembly information
Action start 9:30:17: MsiPublishAssemblies.
Action ended 9:30:17: MsiPublishAssemblies. Return value 1.
Action 9:30:17: PublishFeatures. Publishing Product Features
Action start 9:30:17: PublishFeatures.
Action ended 9:30:17: PublishFeatures. Return value 1.
Action 9:30:17: PublishProduct. Publishing product information
Action start 9:30:17: PublishProduct.
Action ended 9:30:17: PublishProduct. Return value 1.
Action 9:30:17: CreateShortcuts. Creating shortcuts
Action start 9:30:17: CreateShortcuts.
Action ended 9:30:17: CreateShortcuts. Return value 1.
Action 9:30:17: InstallFinalize. 
Action start 9:30:17: InstallFinalize.
Action 9:30:17: ProcessComponents. Updating component registration
Action start 9:30:17: ProcessComponents.
1: {BD95A8CD-1D9F-35AD-981A-3E7925026EBB} 2: {D9309A28-1C7E-3A00-8536-AB83E08048D1} 3: 02:\SOFTWARE\Microsoft\VisualStudio\11.0\VC\Runtimes\x86\Version 
1: {BD95A8CD-1D9F-35AD-981A-3E7925026EBB} 2: {DDE261C6-A53D-45E5-8EFB-3F300CB58E68} 3: C:\windows\system32\atl110.dll 
1: {BD95A8CD-1D9F-35AD-981A-3E7925026EBB} 2: {F5CBD6DC-5C9C-430E-83A7-179BA49988CD} 3: C:\windows\system32\msvcr110.dll 
1: {BD95A8CD-1D9F-35AD-981A-3E7925026EBB} 2: {0E7F74F7-0943-4AFE-AA5D-5DAE3B49A19F} 3: C:\windows\system32\msvcp110.dll 
1: {BD95A8CD-1D9F-35AD-981A-3E7925026EBB} 2: {1981D1A7-C996-4E04-957B-58FB178962C6} 3: C:\windows\system32\vccorlib110.dll 
1: {BD95A8CD-1D9F-35AD-981A-3E7925026EBB} 2: {1B51072A-A9C7-3743-A4C6-99CB801D0216} 3: 02:\SOFTWARE\Microsoft\DevDiv\vc\Servicing\11.0\SP 
1: {BD95A8CD-1D9F-35AD-981A-3E7925026EBB} 2: {87D2C4BF-935F-302E-B7DC-96DCFA915338} 3: 02:\SOFTWARE\Microsoft\DevDiv\vc\Servicing\11.0\RuntimeMinimum\Install 
1: {BD95A8CD-1D9F-35AD-981A-3E7925026EBB} 2: {AD674F9F-1CCF-3188-9E62-F85C19C5A8EE} 3: -1:\Software\Classes\Installer\Dependencies\Microsoft.VS.VC_RuntimeMinimum_x86,v11\Version 
1: {BD95A8CD-1D9F-35AD-981A-3E7925026EBB} 2: {18E3B629-D6B8-3B26-BF24-C22259F9648E} 3: -1:\Software\Classes\Installer\Dependencies\Microsoft.VS.VC_RuntimeMinimumVSU_x86,v11\Version 
Action ended 9:30:17: ProcessComponents. Return value 1.
Action 9:30:17: UnpublishComponents. Unpublishing Qualified Components
Action start 9:30:17: UnpublishComponents.
Action ended 9:30:17: UnpublishComponents. Return value 1.
Action 9:30:17: MsiUnpublishAssemblies. Unpublishing assembly information
Action start 9:30:17: MsiUnpublishAssemblies.
Action ended 9:30:17: MsiUnpublishAssemblies. Return value 1.
Action 9:30:17: UnpublishFeatures. Unpublishing Product Features
Action start 9:30:17: UnpublishFeatures.
Action ended 9:30:17: UnpublishFeatures. Return value 1.
Action 9:30:17: StopServices. Stopping services
Action start 9:30:17: StopServices.
Action ended 9:30:17: StopServices. Return value 1.
Action 9:30:17: DeleteServices. Deleting services
Action start 9:30:17: DeleteServices.
Action ended 9:30:17: DeleteServices. Return value 1.
Action 9:30:17: SelfUnregModules. Unregistering modules
Action start 9:30:17: SelfUnregModules.
Action ended 9:30:17: SelfUnregModules. Return value 1.
Action 9:30:17: UnregisterTypeLibraries. Unregistering type libraries
Action start 9:30:17: UnregisterTypeLibraries.
Action ended 9:30:17: UnregisterTypeLibraries. Return value 1.
Action 9:30:17: RemoveODBC. Removing ODBC components
Action start 9:30:17: RemoveODBC.
Action ended 9:30:17: RemoveODBC. Return value 1.
Action 9:30:17: UnregisterFonts. Unregistering fonts
Action start 9:30:17: UnregisterFonts.
Action ended 9:30:17: UnregisterFonts. Return value 1.
Action 9:30:17: RemoveRegistryValues. Removing system registry values
Action start 9:30:17: RemoveRegistryValues.
Action ended 9:30:17: RemoveRegistryValues. Return value 1.
Action 9:30:17: UnregisterClassInfo. Unregister Class servers
Action start 9:30:17: UnregisterClassInfo.
Action ended 9:30:17: UnregisterClassInfo. Return value 1.
Action 9:30:17: UnregisterMIMEInfo. Unregistering MIME info
Action start 9:30:17: UnregisterMIMEInfo.
Action ended 9:30:17: UnregisterMIMEInfo. Return value 1.
Action 9:30:17: RemoveIniValues. Removing INI files entries
Action start 9:30:17: RemoveIniValues.
Action ended 9:30:17: RemoveIniValues. Return value 1.
Action 9:30:17: RemoveShortcuts. Removing shortcuts
Action start 9:30:17: RemoveShortcuts.
Action ended 9:30:17: RemoveShortcuts. Return value 1.
Action 9:30:17: RemoveEnvironmentStrings. Updating environment strings
Action start 9:30:17: RemoveEnvironmentStrings.
Action ended 9:30:17: RemoveEnvironmentStrings. Return value 1.
Action 9:30:17: RemoveDuplicateFiles. Removing duplicated files
Action start 9:30:17: RemoveDuplicateFiles.
Action ended 9:30:17: RemoveDuplicateFiles. Return value 1.
Action 9:30:17: RemoveFiles. Removing files
Action start 9:30:17: RemoveFiles.
File: atl110.dll, Directory: SystemFolder_x86_VC
File: msvcp110.dll, Directory: SystemFolder_x86_VC
File: msvcr110.dll, Directory: SystemFolder_x86_VC
File: vccorlib110.dll, Directory: SystemFolder_x86_VC
Action ended 9:30:17: RemoveFiles. Return value 1.
Action 9:30:17: RemoveFolders. Removing folders
Action start 9:30:17: RemoveFolders.
Action ended 9:30:17: RemoveFolders. Return value 1.
Action 9:30:17: CreateFolders. Creating folders
Action start 9:30:17: CreateFolders.
Action ended 9:30:17: CreateFolders. Return value 1.
Action 9:30:17: MoveFiles. Moving files
Action start 9:30:17: MoveFiles.
Action ended 9:30:17: MoveFiles. Return value 1.
Action 9:30:17: InstallFiles. Copying new files
Action start 9:30:17: InstallFiles.
File: atl110.dll,  Directory: SystemFolder_x86_VC,  Size: 164424
File: msvcp110.dll,  Directory: SystemFolder_x86_VC,  Size: 535008
File: msvcr110.dll,  Directory: SystemFolder_x86_VC,  Size: 875472
File: vccorlib110.dll,  Directory: SystemFolder_x86_VC,  Size: 252400
Action ended 9:30:17: InstallFiles. Return value 1.
Action 9:30:17: DuplicateFiles. Creating duplicate files
Action start 9:30:17: DuplicateFiles.
Action ended 9:30:17: DuplicateFiles. Return value 1.
Action 9:30:17: RegisterClassInfo. Registering Class servers
Action start 9:30:17: RegisterClassInfo.
Action ended 9:30:17: RegisterClassInfo. Return value 1.
Action 9:30:17: RegisterMIMEInfo. Registering MIME info
Action start 9:30:17: RegisterMIMEInfo.
Action ended 9:30:17: RegisterMIMEInfo. Return value 1.
Action 9:30:17: RegisterTypeLibraries. Registering type libraries
Action start 9:30:17: RegisterTypeLibraries.
Action ended 9:30:17: RegisterTypeLibraries. Return value 1.
Action 9:30:17: WriteRegistryValues. Writing system registry values
Action start 9:30:17: WriteRegistryValues.
Key: HKEY_LOCAL_MACHINE\SOFTWARE\Microsoft\VisualStudio\11.0\VC\Runtimes\x86, Name: Version, Value: v11.0.61030.00
Key: HKEY_LOCAL_MACHINE\SOFTWARE\Microsoft\DevDiv\vc\Servicing\11.0, Name: SP, Value: 
Key: HKEY_LOCAL_MACHINE\SOFTWARE\Microsoft\DevDiv\vc\Servicing\11.0\RuntimeMinimum, Name: Install, Value: 
Key: HKEY_LOCAL_MACHINE\Software\Classes\Installer\Dependencies\Microsoft.VS.VC_RuntimeMinimum_x86,v11, Name: Version, Value: 11.0.61030
Key: HKEY_LOCAL_MACHINE\Software\Classes\Installer\Dependencies\Microsoft.VS.VC_RuntimeMinimumVSU_x86,v11, Name: Version, Value: 11.0.61030
Key: HKEY_LOCAL_MACHINE\SOFTWARE\Microsoft\VisualStudio\11.0\VC\Runtimes\x86, Name: Installed, Value: 
Key: HKEY_LOCAL_MACHINE\SOFTWARE\Microsoft\VisualStudio\11.0\VC\Runtimes\x86, Name: Major, Value: 
Key: HKEY_LOCAL_MACHINE\SOFTWARE\Microsoft\VisualStudio\11.0\VC\Runtimes\x86, Name: Minor, Value: 
Key: HKEY_LOCAL_MACHINE\SOFTWARE\Microsoft\VisualStudio\11.0\VC\Runtimes\x86, Name: Bld, Value: 
Key: HKEY_LOCAL_MACHINE\SOFTWARE\Microsoft\VisualStudio\11.0\VC\Runtimes\x86, Name: Rbld, Value: 
Key: HKEY_LOCAL_MACHINE\SOFTWARE\Microsoft\DevDiv\vc\Servicing\11.0, Name: SPIndex, Value: 
Key: HKEY_LOCAL_MACHINE\SOFTWARE\Microsoft\DevDiv\vc\Servicing\11.0\RuntimeMinimum, Name: InstallerType, Value: MSI
Key: HKEY_LOCAL_MACHINE\SOFTWARE\Microsoft\DevDiv\vc\Servicing\11.0\RuntimeMinimum, Name: SP, Value: 
Key: HKEY_LOCAL_MACHINE\SOFTWARE\Microsoft\DevDiv\vc\Servicing\11.0\RuntimeMinimum, Name: SPIndex, Value: 
Key: HKEY_LOCAL_MACHINE\SOFTWARE\Microsoft\DevDiv\vc\Servicing\11.0\RuntimeMinimum, Name: SPName, Value: RTM
Key: HKEY_LOCAL_MACHINE\SOFTWARE\Microsoft\DevDiv\vc\Servicing\11.0\RuntimeMinimum, Name: Version, Value: 11.0.61030
Key: HKEY_LOCAL_MACHINE\SOFTWARE\Microsoft\DevDiv\vc\Servicing\11.0\RuntimeMinimum, Name: UpdateVersion, Value: 11.0.61030
Key: HKEY_LOCAL_MACHINE\Software\Classes\Installer\Dependencies\Microsoft.VS.VC_RuntimeMinimum_x86,v11, Name: , Value: {BD95A8CD-1D9F-35AD-981A-3E7925026EBB}
Key: HKEY_LOCAL_MACHINE\Software\Classes\Installer\Dependencies\Microsoft.VS.VC_RuntimeMinimum_x86,v11, Name: DisplayName, Value: Microsoft Visual C++ 2012 x86 Minimum Runtime - 11.0.61030
Key: HKEY_LOCAL_MACHINE\Software\Classes\Installer\Dependencies\Microsoft.VS.VC_RuntimeMinimumVSU_x86,v11, Name: , Value: {BD95A8CD-1D9F-35AD-981A-3E7925026EBB}
Key: HKEY_LOCAL_MACHINE\Software\Classes\Installer\Dependencies\Microsoft.VS.VC_RuntimeMinimumVSU_x86,v11, Name: DisplayName, Value: Microsoft Visual C++ 2012 x86 Minimum Runtime - 11.0.61030
Action ended 9:30:17: WriteRegistryValues. Return value 1.
Action 9:30:17: WriteIniValues. Writing INI files values
Action start 9:30:17: WriteIniValues.
Action ended 9:30:17: WriteIniValues. Return value 1.
Action 9:30:17: WriteEnvironmentStrings. Updating environment strings
Action start 9:30:17: WriteEnvironmentStrings.
Action ended 9:30:17: WriteEnvironmentStrings. Return value 1.
Action 9:30:17: RegisterFonts. Registering fonts
Action start 9:30:17: RegisterFonts.
Action ended 9:30:17: RegisterFonts. Return value 1.
Action 9:30:17: InstallODBC. Installing ODBC components
Action start 9:30:17: InstallODBC.
Action ended 9:30:17: InstallODBC. Return value 1.
Action 9:30:17: SelfRegModules. Registering modules
Action start 9:30:17: SelfRegModules.
Action ended 9:30:17: SelfRegModules. Return value 1.
Action 9:30:17: InstallServices. Installing new services
Action start 9:30:17: InstallServices.
Action ended 9:30:17: InstallServices. Return value 1.
Action 9:30:17: StartServices. Starting services
Action start 9:30:17: StartServices.
Action ended 9:30:17: StartServices. Return value 1.
Action 9:30:17: RegisterUser. Registering user
Action start 9:30:17: RegisterUser.
1:  
Action ended 9:30:17: RegisterUser. Return value 1.
Action 9:30:17: RegisterProduct. Registering product
Action start 9:30:17: RegisterProduct.
1: {BD95A8CD-1D9F-35AD-981A-3E7925026EBB} 
Action ended 9:30:17: RegisterProduct. Return value 1.
Action 9:30:17: PublishComponents. Publishing Qualified Components
Action start 9:30:17: PublishComponents.
Action ended 9:30:17: PublishComponents. Return value 1.
Action 9:30:17: MsiPublishAssemblies. Publishing assembly information
Action start 9:30:17: MsiPublishAssemblies.
Action ended 9:30:17: MsiPublishAssemblies. Return value 1.
Action 9:30:17: PublishFeatures. Publishing Product Features
Action start 9:30:17: PublishFeatures.
Feature: VC_Runtime_Minimum
Feature: Provider
Feature: Servicing_Key
Action ended 9:30:17: PublishFeatures. Return value 1.
Action 9:30:17: PublishProduct. Publishing product information
Action start 9:30:17: PublishProduct.
1: {BD95A8CD-1D9F-35AD-981A-3E7925026EBB} 
Action ended 9:30:17: PublishProduct. Return value 1.
Action 9:30:17: CreateShortcuts. Creating shortcuts
Action start 9:30:17: CreateShortcuts.
Action ended 9:30:17: CreateShortcuts. Return value 1.
Action ended 9:30:17: InstallFinalize. Return value 1.
Action 9:30:17: RemoveExistingProducts. Removing applications
Action start 9:30:17: RemoveExistingProducts.
Action ended 9:30:17: RemoveExistingProducts. Return value 1.
Action ended 9:30:17: INSTALL. Return value 1.
1: Microsoft Visual C++ 2012 x86 Minimum Runtime - 11.0.61030 2: {BD95A8CD-1D9F-35AD-981A-3E7925026EBB} 3: 1 
Property(S): DiskPrompt = 
Property(S): UpgradeCode = {4121ED58-4BD9-3E7B-A8B5-9F8BAAE045B7}
Property(S): TARGETDIR = C:\
Property(S): SystemFolder_x86_VC = C:\windows\system32\
Property(S): ProgramFilesFolder2_x86.3643236F_FC70_11D3_A536_0090278A1BB8 = C:\Program Files\
Property(S): ProgramFilesFolder_x86.3643236F_FC70_11D3_A536_0090278A1BB8 = C:\Program Files\
Property(S): CommonFilesFolder_x86.3643236F_FC70_11D3_A536_0090278A1BB8 = C:\Program Files\Common Files\
Property(S): WindowsVolume_x86.3643236F_FC70_11D3_A536_0090278A1BB8 = C:\
Property(S): WindowsFolder_x86.3643236F_FC70_11D3_A536_0090278A1BB8 = C:\windows\
Property(S): SystemFolder_x86.3643236F_FC70_11D3_A536_0090278A1BB8 = C:\windows\system32\
Property(S): System16Folder_x86.3643236F_FC70_11D3_A536_0090278A1BB8 = C:\windows\system32\
Property(S): TempFolder_x86.3643236F_FC70_11D3_A536_0090278A1BB8 = C:\users\mustafabilgin\Temp\
Property(S): StartMenuFolder_x86.3643236F_FC70_11D3_A536_0090278A1BB8 = C:\users\mustafabilgin\Start Menu\
Property(S): ProgramMenuFolder_x86.3643236F_FC70_11D3_A536_0090278A1BB8 = C:\users\mustafabilgin\Start Menu\Programs\
Property(S): CommonAppDataFolder_x86.3643236F_FC70_11D3_A536_0090278A1BB8 = C:\ProgramData\
Property(S): AppDataFolder_x86.3643236F_FC70_11D3_A536_0090278A1BB8 = C:\users\mustafabilgin\Application Data\
Property(S): DesktopFolder_x86.3643236F_FC70_11D3_A536_0090278A1BB8 = C:\users\mustafabilgin\Desktop\
Property(S): AdminToolsFolder_x86.3643236F_FC70_11D3_A536_0090278A1BB8 = C:\users\mustafabilgin\Start Menu\Programs\Administrative Tools\
Property(S): WindowsFolder_x86_VC = C:\windows\
Property(S): SourceDir = C:\ProgramData\Package Cache\{BD95A8CD-1D9F-35AD-981A-3E7925026EBB}v11.0.61030\packages\vcRuntimeMinimum_x86\
Property(S): VersionNT = 603
Property(S): ALLUSERS = 1
Property(S): ARPHELPLINK = http://go.microsoft.com/fwlink/?LinkId=133405
Property(S): ARPNOMODIFY = 1
Property(S): ARPURLUpdateInfo = http://go.microsoft.com/fwlink/?LinkId=133408
Property(S): ARPCOMMENTS = Caution. Removing this product might prevent some applications from running.
Property(S): comspec_cmd = %comspec%
Property(S): DDPatch = 0
Property(S): FeatureID = 1
Property(S): FILESINUSETEXT = The following applications should be closed before continuing the install:
Property(S): FXAssemblyVersion = 4.0.0.0
Property(S): FXAssemblyVersion35 = 3.5.0.0
Property(S): INSTALLLEVEL = 2
Property(S): LIMITUI = 1
Property(S): NullGUID = {00000000-0000-0000-0000-000000000000}
Property(S): PIDRegEntryName = ProductID
Property(S): PIDUserNameRegKey = SOFTWARE\Microsoft\VisualStudio\7.0\Registration
Property(S): PIDUserNameRegRoot = HKEY_LOCAL_MACHINE
Property(S): PrimaryDir = VS7.3643236F_FC70_11D3_A536_0090278A1BB8
Property(S): REBOOT = ReallySuppress
Property(S): REPAIR_REINSTALLMODE = pecmsu
Property(S): ReserveAdditionalCostVS7UI = 8388608
Property(S): RunCount = 49
Property(S): UpdateProp1 = 0
Property(S): UpdateProp2 = 0
Property(S): UpdateProp3 = 0
Property(S): UpdateProp4 = 0
Property(S): UpdateProp5 = 0
Property(S): UserNameRegEntryName = UserName
Property(S): ARPSYSTEMCOMPONENT = 1
Property(S): BuildType = ret
Property(S): URTVersion = v4.0.30319
Property(S): LocProductName = Microsoft Visual C++ 2012 x86 Runtime
Property(S): ProductCPU = x86
Property(S): ProductEdition = Runtime
Property(S): ProductFamily = VC
Property(S): ProductImage = net
Property(S): RTM_ProductVersion = 11.0.61030
Property(S): ProductVersionHigh = 720896
Property(S): ProductVersionLow = 1999110144
Property(S): MsiLogging = voicewarmup
Property(S): Manufacturer = Microsoft Corporation
Property(S): ProductCode = {BD95A8CD-1D9F-35AD-981A-3E7925026EBB}
Property(S): ProductLanguage = 1033
Property(S): ProductName = Microsoft Visual C++ 2012 x86 Minimum Runtime - 11.0.61030
Property(S): ProductVersion = 11.0.61030
Property(S): DirectoryTable100_x86 = DirectoryTable
Property(S): SecureCustomProperties = IE501FOUND.3643236F_FC70_11D3_A536_0090278A1BB8;IGNOREDEPENDENCIES;INSTALLBLOCKFOUND.3643236F_FC70_11D3_A536_0090278A1BB8;JSHFOUNDVER;NEWERVCRUNTIMEVERSIONDETECTED;OCMFOUNDVER;OCMFOUNDVERLANG;REDISTFOUNDVER;REDISTFOUNDVERLANG;UNINSTALLBLOCKFOUND.3643236F_FC70_11D3_A536_0090278A1BB8;UPGRADEVCRUNTIME
Property(S): WixPdbPath = f:\ddSetup\SD\1\wix\outs\x86ret\enu\cooked\vc_RuntimeMinimum_net.wixpdb
Property(S): AdminUser = 1
Property(S): CommonAppDataFolder = C:\ProgramData\
Property(S): FavoritesFolder = C:\users\mustafabilgin\Favorites\
Property(S): FontsFolder = C:\windows\Fonts\
Property(S): SendToFolder = C:\users\mustafabilgin\SendTo\
Property(S): StartMenuFolder = C:\users\mustafabilgin\Start Menu\
Property(S): StartupFolder = C:\users\mustafabilgin\Start Menu\Programs\StartUp\
Property(S): TemplateFolder = C:\users\mustafabilgin\Templates\
Property(S): DesktopFolder = C:\users\mustafabilgin\Desktop\
Property(S): ProgramMenuFolder = C:\users\mustafabilgin\Start Menu\Programs\
Property(S): AdminToolsFolder = C:\users\mustafabilgin\Start Menu\Programs\Administrative Tools\
Property(S): AppDataFolder = C:\users\mustafabilgin\Application Data\
Property(S): SystemFolder = C:\windows\system32\
Property(S): System16Folder = C:\windows\system32\
Property(S): LocalAppDataFolder = C:\users\mustafabilgin\Local Settings\Application Data\
Property(S): MyPicturesFolder = C:\users\mustafabilgin\My Pictures\
Property(S): PersonalFolder = C:\users\mustafabilgin\My Documents\
Property(S): WindowsFolder = C:\windows\
Property(S): PrintHoodFolder = C:\users\mustafabilgin\PrintHood\
Property(S): NetHoodFolder = C:\users\mustafabilgin\NetHood\
Property(S): RecentFolder = C:\users\mustafabilgin\Recent\
Property(S): PhysicalMemory = 16384
Property(S): WindowsVolume = C:\
Property(S): TempFolder = C:\users\mustafabilgin\Temp\
Property(S): Privileged = 1
Property(S): MsiNTProductType = 1
Property(S): WindowsBuild = 9600
Property(S): ServicePackLevel = 0
Property(S): VersionMsi = 4.5
Property(S): VersionDatabase = 400
Property(S): Intel = 6
Property(S): ProgramFilesFolder = C:\Program Files\
Property(S): CommonFilesFolder = C:\Program Files\Common Files\
Property(S): ScreenX = 1440
Property(S): ScreenY = 900
Property(S): ColorBits = 32
Property(S): UserSID = S-1-5-21-0-0-0-1000
Property(S): UserLanguageID = 1033
Property(S): SystemLanguageID = 1033
Property(S): ProductState = -1
Property(S): LogonUser = mustafabilgin
Property(S): ComputerName = MUSTAFAS-MBP
Property(S): UILevel = 2
Property(S): PackageCode = {13B38BE3-59B9-463F-B577-B3FE71A3AD3A}
Property(S): DATABASE = C:\windows\Installer\184e.msi
Property(S): OriginalDatabase = C:\ProgramData\Package Cache\{BD95A8CD-1D9F-35AD-981A-3E7925026EBB}v11.0.61030\packages\vcRuntimeMinimum_x86\vc_runtimeMinimum_x86.msi
Property(S): SOURCEDIR = C:\ProgramData\Package Cache\{BD95A8CD-1D9F-35AD-981A-3E7925026EBB}v11.0.61030\packages\vcRuntimeMinimum_x86\
Property(S): MSIFASTINSTALL = 7
Property(S): NOVSUI = 1
Property(S): ACTION = INSTALL
Property(S): EXECUTEACTION = INSTALL
Property(S): CostingComplete = 1
Property(S): ROOTDRIVE = C:\
Property(S): OutOfDiskSpace = 0
Property(S): OutOfNoRbDiskSpace = 0
1: 2 2: 0 
1: 2 2: 1 
Action ended 9:30:17: INSTALL. Return value 1.
