[0150:0154][2024-06-19T21:30:35]i001: Burn v3.7.3424.0, Windows v10.0 (Build 17763: Service Pack 0), path: Y:\vcrun2013\vcredist_x86.exe, cmdline: '/q -burn.unelevated BurnPipe.{F00A4F34-DE19-4C16-9408-2C92618B42DB} {9DEAB325-8143-4038-9269-548B302901CA} 260'
[0150:0154][2024-06-19T21:30:35]i000: Setting string variable 'WixBundleLog' to value 'C:\users\mustafabilgin\Temp\dd_vcredist_x86_20240619213035.log'
[0150:0154][2024-06-19T21:30:35]i000: Setting string variable 'WixBundleOriginalSource' to value 'Y:\vcrun2013\vcredist_x86.exe'
[0150:0154][2024-06-19T21:30:35]i000: Setting string variable 'WixBundleOriginalSourceFolder' to value 'Y:\vcrun2013\'
[0150:0154][2024-06-19T21:30:35]i000: Setting string variable 'WixBundleName' to value 'Microsoft Visual C++ 2013 Redistributable (x86) - 12.0.40660'
[0150:0154][2024-06-19T21:30:36]i100: Detect begin, 2 packages
[0150:0154][2024-06-19T21:30:36]i101: Detected package: vcRuntimeMinimum_x86, state: Absent, cached: None
[0150:0154][2024-06-19T21:30:36]i101: Detected package: vcRuntimeAdditional_x86, state: Absent, cached: None
[0150:0154][2024-06-19T21:30:36]i052: Condition 'VersionNT >= v6.0 OR (VersionNT = v5.1 AND ServicePackLevel >= 2) OR (VersionNT = v5.2 AND ServicePackLevel >= 1)' evaluates to true.
[0150:0154][2024-06-19T21:30:36]i199: Detect complete, result: 0x0
[0150:0154][2024-06-19T21:30:36]i200: Plan begin, 2 packages, action: Install
[0150:0154][2024-06-19T21:30:36]i000: Setting string variable 'WixBundleRollbackLog_vcRuntimeMinimum_x86' to value 'C:\users\mustafabilgin\Temp\dd_vcredist_x86_20240619213035_000_vcRuntimeMinimum_x86_rollback.log'
[0150:0154][2024-06-19T21:30:36]i000: Setting string variable 'WixBundleLog_vcRuntimeMinimum_x86' to value 'C:\users\mustafabilgin\Temp\dd_vcredist_x86_20240619213035_000_vcRuntimeMinimum_x86.log'
[0150:0154][2024-06-19T21:30:36]i000: Setting string variable 'WixBundleRollbackLog_vcRuntimeAdditional_x86' to value 'C:\users\mustafabilgin\Temp\dd_vcredist_x86_20240619213035_001_vcRuntimeAdditional_x86_rollback.log'
[0150:0154][2024-06-19T21:30:36]i000: Setting string variable 'WixBundleLog_vcRuntimeAdditional_x86' to value 'C:\users\mustafabilgin\Temp\dd_vcredist_x86_20240619213035_001_vcRuntimeAdditional_x86.log'
[0150:0154][2024-06-19T21:30:36]i201: Planned package: vcRuntimeMinimum_x86, state: Absent, default requested: Present, ba requested: Present, execute: Install, rollback: Uninstall, cache: Yes, uncache: No, dependency: Register
[0150:0154][2024-06-19T21:30:36]i201: Planned package: vcRuntimeAdditional_x86, state: Absent, default requested: Present, ba requested: Present, execute: Install, rollback: Uninstall, cache: Yes, uncache: No, dependency: Register
[0150:0154][2024-06-19T21:30:36]i299: Plan complete, result: 0x0
[0150:0154][2024-06-19T21:30:36]i300: Apply begin
[0104:0108][2024-06-19T21:30:36]i360: Creating a system restore point.
[0104:0108][2024-06-19T21:30:36]i361: Created a system restore point.
[0104:0108][2024-06-19T21:30:36]i370: Session begin, registration key: SOFTWARE\Microsoft\Windows\CurrentVersion\Uninstall\{61087a79-ac85-455c-934d-1fa22cc64f36}, options: 0x7, disable resume: No
[0104:0108][2024-06-19T21:30:36]i000: Caching bundle from: 'C:\users\mustafabilgin\Temp\{61087a79-ac85-455c-934d-1fa22cc64f36}\.be\vcredist_x86.exe' to: 'C:\ProgramData\Package Cache\{61087a79-ac85-455c-934d-1fa22cc64f36}\vcredist_x86.exe'
[0104:0108][2024-06-19T21:30:36]i320: Registering bundle dependency provider: {61087a79-ac85-455c-934d-1fa22cc64f36}, version: 12.0.40660.0
[0104:0108][2024-06-19T21:30:36]i371: Updating session, registration key: SOFTWARE\Microsoft\Windows\CurrentVersion\Uninstall\{61087a79-ac85-455c-934d-1fa22cc64f36}, resume: Active, restart initiated: No, disable resume: No
[0104:0164][2024-06-19T21:30:36]i305: Verified acquired payload: vcRuntimeMinimum_x86 at path: C:\ProgramData\Package Cache\.unverified\vcRuntimeMinimum_x86, moving to: C:\ProgramData\Package Cache\{E30D8B21-D82D-3211-82CC-0F0A5D1495E8}v12.0.40660\packages\vcRuntimeMinimum_x86\vc_runtimeMinimum_x86.msi.
[0104:0164][2024-06-19T21:30:36]i305: Verified acquired payload: cab54A5CABBE7274D8A22EB58060AAB7623 at path: C:\ProgramData\Package Cache\.unverified\cab54A5CABBE7274D8A22EB58060AAB7623, moving to: C:\ProgramData\Package Cache\{E30D8B21-D82D-3211-82CC-0F0A5D1495E8}v12.0.40660\packages\vcRuntimeMinimum_x86\cab1.cab.
[0104:0164][2024-06-19T21:30:36]i305: Verified acquired payload: vcRuntimeAdditional_x86 at path: C:\ProgramData\Package Cache\.unverified\vcRuntimeAdditional_x86, moving to: C:\ProgramData\Package Cache\{7DAD0258-515C-3DD4-8964-BD714199E0F7}v12.0.40660\packages\vcRuntimeAdditional_x86\vc_runtimeAdditional_x86.msi.
[0104:0164][2024-06-19T21:30:36]i305: Verified acquired payload: cabB3E1576D1FEFBB979E13B1A5379E0B16 at path: C:\ProgramData\Package Cache\.unverified\cabB3E1576D1FEFBB979E13B1A5379E0B16, moving to: C:\ProgramData\Package Cache\{7DAD0258-515C-3DD4-8964-BD714199E0F7}v12.0.40660\packages\vcRuntimeAdditional_x86\cab1.cab.
[0104:0108][2024-06-19T21:30:36]i301: Applying execute package: vcRuntimeMinimum_x86, action: Install, path: C:\ProgramData\Package Cache\{E30D8B21-D82D-3211-82CC-0F0A5D1495E8}v12.0.40660\packages\vcRuntimeMinimum_x86\vc_runtimeMinimum_x86.msi, arguments: ' MSIFASTINSTALL="7" NOVSUI="1"'
[0150:0154][2024-06-19T21:30:36]i319: Applied execute package: vcRuntimeMinimum_x86, result: 0x0, restart: None
[0104:0108][2024-06-19T21:30:36]i325: Registering dependency: {61087a79-ac85-455c-934d-1fa22cc64f36} on package provider: Microsoft.VS.VC_RuntimeMinimumVSU_x86,v12, package: vcRuntimeMinimum_x86
[0104:0108][2024-06-19T21:30:36]i301: Applying execute package: vcRuntimeAdditional_x86, action: Install, path: C:\ProgramData\Package Cache\{7DAD0258-515C-3DD4-8964-BD714199E0F7}v12.0.40660\packages\vcRuntimeAdditional_x86\vc_runtimeAdditional_x86.msi, arguments: ' MSIFASTINSTALL="7" NOVSUI="1"'
[0150:0154][2024-06-19T21:30:36]i319: Applied execute package: vcRuntimeAdditional_x86, result: 0x0, restart: None
[0104:0108][2024-06-19T21:30:36]i325: Registering dependency: {61087a79-ac85-455c-934d-1fa22cc64f36} on package provider: Microsoft.VS.VC_RuntimeAdditionalVSU_x86,v12, package: vcRuntimeAdditional_x86
[0104:0108][2024-06-19T21:30:36]i372: Session end, registration key: SOFTWARE\Microsoft\Windows\CurrentVersion\Uninstall\{61087a79-ac85-455c-934d-1fa22cc64f36}, resume: ARP, restart: None, disable resume: No
[0104:0108][2024-06-19T21:30:36]i371: Updating session, registration key: SOFTWARE\Microsoft\Windows\CurrentVersion\Uninstall\{61087a79-ac85-455c-934d-1fa22cc64f36}, resume: ARP, restart initiated: No, disable resume: No
[0150:0154][2024-06-19T21:30:36]i399: Apply complete, result: 0x0, restart: None, ba requested restart:  No
[0150:0154][2024-06-19T21:30:36]i500: Shutting down, exit code: 0x0
[0150:0154][2024-06-19T21:30:37]i410: Variable: VersionNT = 10.0.0.0
[0150:0154][2024-06-19T21:30:37]i410: Variable: WixBundleAction = 5
[0150:0154][2024-06-19T21:30:37]i410: Variable: WixBundleElevated = 1
[0150:0154][2024-06-19T21:30:37]i410: Variable: WixBundleInstalled = 0
[0150:0154][2024-06-19T21:30:37]i410: Variable: WixBundleLog = C:\users\mustafabilgin\Temp\dd_vcredist_x86_20240619213035.log
[0150:0154][2024-06-19T21:30:37]i410: Variable: WixBundleLog_vcRuntimeAdditional_x86 = C:\users\mustafabilgin\Temp\dd_vcredist_x86_20240619213035_001_vcRuntimeAdditional_x86.log
[0150:0154][2024-06-19T21:30:37]i410: Variable: WixBundleLog_vcRuntimeMinimum_x86 = C:\users\mustafabilgin\Temp\dd_vcredist_x86_20240619213035_000_vcRuntimeMinimum_x86.log
[0150:0154][2024-06-19T21:30:37]i410: Variable: WixBundleManufacturer = Microsoft Corporation
[0150:0154][2024-06-19T21:30:37]i410: Variable: WixBundleName = Microsoft Visual C++ 2013 Redistributable (x86) - 12.0.40660
[0150:0154][2024-06-19T21:30:37]i410: Variable: WixBundleOriginalSource = Y:\vcrun2013\vcredist_x86.exe
[0150:0154][2024-06-19T21:30:37]i410: Variable: WixBundleOriginalSourceFolder = Y:\vcrun2013\
[0150:0154][2024-06-19T21:30:37]i410: Variable: WixBundleProviderKey = {61087a79-ac85-455c-934d-1fa22cc64f36}
[0150:0154][2024-06-19T21:30:37]i410: Variable: WixBundleRollbackLog_vcRuntimeAdditional_x86 = C:\users\mustafabilgin\Temp\dd_vcredist_x86_20240619213035_001_vcRuntimeAdditional_x86_rollback.log
[0150:0154][2024-06-19T21:30:37]i410: Variable: WixBundleRollbackLog_vcRuntimeMinimum_x86 = C:\users\mustafabilgin\Temp\dd_vcredist_x86_20240619213035_000_vcRuntimeMinimum_x86_rollback.log
[0150:0154][2024-06-19T21:30:37]i410: Variable: WixBundleTag = 
[0150:0154][2024-06-19T21:30:37]i410: Variable: WixBundleVersion = 12.0.40660.0
[0150:0154][2024-06-19T21:30:37]i007: Exit code: 0x0, restarting: No
